[0515/005257.465:ERROR:process_reader_win.cc(151)] SuspendThread: Access is denied. (0x5)
[0515/005259.699:ERROR:process_reader_win.cc(151)] SuspendThread: Access is denied. (0x5)
[0515/005259.699:ERROR:process_reader_win.cc(151)] SuspendThread: Access is denied. (0x5)
[0515/005259.699:ERROR:process_reader_win.cc(151)] SuspendThread: Access is denied. (0x5)
[0515/005259.715:ERROR:process_reader_win.cc(151)] SuspendThread: Access is denied. (0x5)
[0515/005259.715:ERROR:process_reader_win.cc(151)] SuspendThread: Access is denied. (0x5)
[0515/005259.715:ERROR:process_reader_win.cc(151)] SuspendThread: Access is denied. (0x5)
[0515/005259.715:ERROR:process_reader_win.cc(151)] SuspendThread: Access is denied. (0x5)
[0515/005259.715:ERROR:process_reader_win.cc(123)] NtOpenThread: {Access Denied} A process has requested access to an object, but has not been granted those access rights. (0xc0000022)
[0515/005259.996:ERROR:exception_snapshot_win.cc(98)] thread ID 30864 not found in process
[0515/005259.996:ERROR:scoped_process_suspend.cc(40)] NtResumeProcess: An attempt was made to access an exiting process. (0xc000010a)
[0515/005300.589:ERROR:process_reader_win.cc(123)] NtOpenThread: {Access Denied} A process has requested access to an object, but has not been granted those access rights. (0xc0000022)
[0515/005300.589:ERROR:exception_snapshot_win.cc(98)] thread ID 19176 not found in process
[0515/005300.589:ERROR:process_reader_win.cc(123)] NtOpenThread: {Access Denied} A process has requested access to an object, but has not been granted those access rights. (0xc0000022)
[0515/005300.589:ERROR:exception_snapshot_win.cc(98)] thread ID 48196 not found in process
[0515/005300.636:ERROR:process_reader_win.cc(123)] NtOpenThread: {Access Denied} A process has requested access to an object, but has not been granted those access rights. (0xc0000022)
[0515/005300.636:ERROR:exception_snapshot_win.cc(98)] thread ID 14412 not found in process
[0515/005300.636:ERROR:scoped_process_suspend.cc(40)] NtResumeProcess: An attempt was made to access an exiting process. (0xc000010a)
[0515/005300.777:ERROR:process_reader_win.cc(123)] NtOpenThread: {Access Denied} A process has requested access to an object, but has not been granted those access rights. (0xc0000022)
[0515/005300.777:ERROR:exception_snapshot_win.cc(98)] thread ID 14924 not found in process
[0515/005300.777:ERROR:scoped_process_suspend.cc(40)] NtResumeProcess: An attempt was made to access an exiting process. (0xc000010a)
[0515/005301.230:ERROR:process_reader_win.cc(123)] NtOpenThread: {Access Denied} A process has requested access to an object, but has not been granted those access rights. (0xc0000022)
[0515/005301.230:ERROR:exception_snapshot_win.cc(98)] thread ID 47328 not found in process
[0515/005301.495:ERROR:process_info.cc(329)] VirtualQueryEx: Access is denied. (0x5)
[0515/005301.495:ERROR:process_info.cc(556)] ReadMemoryInfo failed
[0515/005301.495:ERROR:scoped_process_suspend.cc(40)] NtResumeProcess: An attempt was made to access an exiting process. (0xc000010a)
[0515/005301.886:ERROR:process_info.cc(329)] VirtualQueryEx: Access is denied. (0x5)
[0515/005301.886:ERROR:process_info.cc(556)] ReadMemoryInfo failed
[0515/005301.886:ERROR:scoped_process_suspend.cc(40)] NtResumeProcess: An attempt was made to access an exiting process. (0xc000010a)
[0515/005302.120:ERROR:process_reader_win.cc(123)] NtOpenThread: {Access Denied} A process has requested access to an object, but has not been granted those access rights. (0xc0000022)
[0515/005302.120:ERROR:exception_snapshot_win.cc(98)] thread ID 49156 not found in process
[0515/005302.120:ERROR:scoped_process_suspend.cc(40)] NtResumeProcess: An attempt was made to access an exiting process. (0xc000010a)
[0515/005302.120:ERROR:process_reader_win.cc(123)] NtOpenThread: {Access Denied} A process has requested access to an object, but has not been granted those access rights. (0xc0000022)
[0515/005302.120:ERROR:exception_snapshot_win.cc(98)] thread ID 2248 not found in process
[0515/005302.120:ERROR:scoped_process_suspend.cc(40)] NtResumeProcess: An attempt was made to access an exiting process. (0xc000010a)
[0515/005302.417:ERROR:process_reader_win.cc(123)] NtOpenThread: {Access Denied} A process has requested access to an object, but has not been granted those access rights. (0xc0000022)
[0515/005302.417:ERROR:exception_snapshot_win.cc(98)] thread ID 48332 not found in process
[0515/005302.417:ERROR:scoped_process_suspend.cc(40)] NtResumeProcess: An attempt was made to access an exiting process. (0xc000010a)
[0515/005302.698:ERROR:process_info.cc(329)] VirtualQueryEx: Access is denied. (0x5)
[0515/005302.698:ERROR:process_info.cc(556)] ReadMemoryInfo failed
[0515/005302.698:ERROR:scoped_process_suspend.cc(40)] NtResumeProcess: An attempt was made to access an exiting process. (0xc000010a)
